<?xml version="1.0" encoding="UTF-8"?>
<!-- Generated by org.testng.reporters.JUnitReportReporter -->
<testsuite hostname="DESKTOP-56C0EHH" failures="0" tests="1" name="testcases.FacebookCreate" time="6.634" errors="0" timestamp="2023-07-31T17:14:18 IST" skipped="0">
  <testcase classname="testcases.FacebookCreate" name="register" time="6.634"/>
  <system-out>
    <![CDATA[execution started
execution completed]]>
  </system-out>
</testsuite> <!-- testcases.FacebookCreate -->
