<?xml version="1.0" encoding="UTF-8"?>
<!-- Generated by org.testng.reporters.JUnitReportReporter -->
<testsuite hostname="DESKTOP-56C0EHH" failures="0" tests="9" name="testcases.TC_01_ActitimeLoginLogout" time="54.282" errors="0" timestamp="2023-08-03T15:54:10 IST" skipped="0">
  <testcase classname="testcases.TC_01_ActitimeLoginLogout" name="login" time="10.157"/>
  <testcase classname="testcases.TC_01_ActitimeLoginLogout" name="titlevalidationhomepage" time="5.328"/>
  <testcase classname="testcases.TC_01_ActitimeLoginLogout" name="login" time="9.112"/>
  <testcase classname="testcases.TC_01_ActitimeLoginLogout" name="logout" time="4.197"/>
  <testcase classname="testcases.TC_01_ActitimeLoginLogout" name="titlevalidationhomepage" time="5.433"/>
  <testcase classname="testcases.TC_01_ActitimeLoginLogout" name="login" time="8.661"/>
  <testcase classname="testcases.TC_01_ActitimeLoginLogout" name="logout" time="4.297"/>
  <testcase classname="testcases.TC_01_ActitimeLoginLogout" name="titlevalidationhomepage" time="3.157"/>
  <testcase classname="testcases.TC_01_ActitimeLoginLogout" name="logout" time="3.940"/>
  <system-out>
    <![CDATA[execution started
execution completed]]>
  </system-out>
</testsuite> <!-- testcases.TC_01_ActitimeLoginLogout -->
